2026-06-18 11:09:40 INFO: [DB] SQLite database initialized successfully.
2026-06-18 11:09:41 INFO: [DB] Created default admin account (username: admin, password: admin123)
2026-06-18 11:09:41 INFO: [DB] Inserted default dynamic virtual parameters.
2026-06-18 11:09:41 INFO: ===================================================
2026-06-18 11:09:41 INFO:  ACS Lite standalone server is running on port 5000
2026-06-18 11:09:41 INFO:  Web Admin Portal:   http://localhost:5000/admin
2026-06-18 11:09:41 INFO:  Customer Portal:    http://localhost:5000/customer
2026-06-18 11:09:41 INFO:  ACS TR-069 URL:     http://<Server-IP>:5000/acs
2026-06-18 11:09:41 INFO: ===================================================
2026-06-18 11:09:56 INFO: [ACS] Inform received from 00259E-HG8245H-HW0987654321 IP=::1
2026-06-18 11:09:56 INFO: [ACS] Bootstrapping device 00259E-HG8245H-HW0987654321. Queuing queries for 12 parameters.
2026-06-18 11:09:56 INFO: [ACS] Dispatched task 1 (getParameterValues) to device 00259E-HG8245H-HW0987654321
2026-06-18 11:12:12 INFO: User logged in: admin (admin)
2026-06-18 11:12:32 ERROR: Device details route error: Too few parameter values were provided
2026-06-18 11:13:48 INFO: [DB] SQLite database initialized successfully.
2026-06-18 11:13:48 INFO: [DB] Inserted default dynamic virtual parameters.
2026-06-18 11:13:48 INFO: ===================================================
2026-06-18 11:13:48 INFO:  ACS Lite standalone server is running on port 5000
2026-06-18 11:13:48 INFO:  Web Admin Portal:   http://localhost:5000/admin
2026-06-18 11:13:48 INFO:  Customer Portal:    http://localhost:5000/customer
2026-06-18 11:13:48 INFO:  ACS TR-069 URL:     http://<Server-IP>:5000/acs
2026-06-18 11:13:48 INFO: ===================================================
2026-06-18 11:13:56 INFO: [ACS] Inform received from 00259E-HG8245H-HW0987654321 IP=::1
2026-06-18 11:13:56 INFO: [ACS] Dispatched task 2 (getParameterValues) to device 00259E-HG8245H-HW0987654321
2026-06-18 11:14:26 INFO: User logged in: admin (admin)
2026-06-18 11:18:27 INFO: User logged out: admin
2026-06-18 11:30:25 INFO: [DB] SQLite database initialized successfully.
2026-06-18 11:30:25 INFO: [DB] Inserted default dynamic virtual parameters.
2026-06-18 11:30:25 INFO: [DB] Inserted default app settings.
2026-06-18 11:30:26 INFO: ===================================================
2026-06-18 11:30:26 INFO:  ACS Lite standalone server is running on port 5000
2026-06-18 11:30:26 INFO:  Web Admin Portal:   http://localhost:5000/admin
2026-06-18 11:30:26 INFO:  Customer Portal:    http://localhost:5000/customer
2026-06-18 11:30:26 INFO:  ACS TR-069 URL:     http://<Server-IP>:5000/acs
2026-06-18 11:30:26 INFO: ===================================================
2026-06-18 11:30:34 INFO: [ACS] Inform received from 00259E-HG8245H-HW0987654321 IP=::1
2026-06-18 11:30:34 INFO: [ACS] Dispatched task 3 (getParameterValues) to device 00259E-HG8245H-HW0987654321
2026-06-18 11:30:57 INFO: User logged in: admin (admin)
2026-06-18 11:31:09 INFO: [WhatsApp] Enabled and starting chatbot...
2026-06-18 11:31:09 INFO: [WhatsApp] Initiating Baileys connection...
2026-06-18 11:31:11 WARN: [WhatsApp] Connection closed. Reason: Connection Failure. Reconnecting: true
2026-06-18 11:31:16 INFO: [WhatsApp] Initiating Baileys connection...
2026-06-18 11:31:18 WARN: [WhatsApp] Connection closed. Reason: unknown. Reconnecting: true
2026-06-18 11:31:18 INFO: [WhatsApp] Bot stopped successfully.
2026-06-18 11:31:18 INFO: [WhatsApp] Triggered bot connection restart.
2026-06-18 11:31:20 INFO: [WhatsApp] Initiating Baileys connection...
2026-06-18 11:31:22 WARN: [WhatsApp] Connection closed. Reason: Connection Failure. Reconnecting: true
2026-06-18 11:31:23 INFO: [WhatsApp] Initiating Baileys connection...
2026-06-18 11:31:24 WARN: [WhatsApp] Connection closed. Reason: Connection Failure. Reconnecting: true
2026-06-18 11:31:27 INFO: [WhatsApp] Initiating Baileys connection...
2026-06-18 11:31:29 WARN: [WhatsApp] Connection closed. Reason: Connection Failure. Reconnecting: true
2026-06-18 11:31:29 INFO: [WhatsApp] Initiating Baileys connection...
2026-06-18 11:31:34 WARN: [WhatsApp] Connection closed. Reason: Connection Failure. Reconnecting: true
2026-06-18 11:31:39 INFO: [WhatsApp] Initiating Baileys connection...
2026-06-18 11:31:44 WARN: [WhatsApp] Connection closed. Reason: Connection Failure. Reconnecting: true
2026-06-18 11:31:49 INFO: [WhatsApp] Initiating Baileys connection...
2026-06-18 11:31:50 WARN: [WhatsApp] Connection closed. Reason: Connection Failure. Reconnecting: true
2026-06-18 11:31:55 INFO: [WhatsApp] Initiating Baileys connection...
2026-06-18 11:31:57 WARN: [WhatsApp] Connection closed. Reason: Connection Failure. Reconnecting: true
2026-06-18 11:32:02 INFO: [WhatsApp] Initiating Baileys connection...
2026-06-18 11:32:05 WARN: [WhatsApp] Connection closed. Reason: Connection Failure. Reconnecting: true
2026-06-18 11:32:10 INFO: [WhatsApp] Initiating Baileys connection...
2026-06-18 11:32:11 WARN: [WhatsApp] Connection closed. Reason: Connection Failure. Reconnecting: true
2026-06-18 11:32:16 INFO: [WhatsApp] Initiating Baileys connection...
2026-06-18 11:32:21 WARN: [WhatsApp] Connection closed. Reason: Connection Failure. Reconnecting: true
2026-06-18 11:32:31 INFO: [DB] SQLite database initialized successfully.
2026-06-18 11:32:31 INFO: [DB] Inserted default dynamic virtual parameters.
2026-06-18 11:32:31 INFO: [DB] Inserted default app settings.
2026-06-18 11:32:33 INFO: ===================================================
2026-06-18 11:32:33 INFO:  ACS Lite standalone server is running on port 5000
2026-06-18 11:32:33 INFO:  Web Admin Portal:   http://localhost:5000/admin
2026-06-18 11:32:33 INFO:  Customer Portal:    http://localhost:5000/customer
2026-06-18 11:32:33 INFO:  ACS TR-069 URL:     http://<Server-IP>:5000/acs
2026-06-18 11:32:33 INFO: ===================================================
2026-06-18 11:32:33 INFO: [WhatsApp] Initiating Baileys connection...
2026-06-18 11:32:38 WARN: [WhatsApp] Connection closed. Error: Error: Connection Failure
    at WebSocketClient.<anonymous> (file:///D:/billing-rtrw-main/acs-lite/node_modules/@whiskeysockets/baileys/lib/Socket/socket.js:515:13)
    at WebSocketClient.emit (node:events:524:28)
    at file:///D:/billing-rtrw-main/acs-lite/node_modules/@whiskeysockets/baileys/lib/Socket/socket.js:230:35
    at Object.decodeFrame (file:///D:/billing-rtrw-main/acs-lite/node_modules/@whiskeysockets/baileys/lib/Utils/noise-handler.js:140:17)
    at process.processTicksAndRejections (node:internal/process/task_queues:105:5). Reconnecting: true
2026-06-18 11:32:43 INFO: [WhatsApp] Initiating Baileys connection...
2026-06-18 11:32:48 WARN: [WhatsApp] Connection closed. Error: Error: Connection Failure
    at WebSocketClient.<anonymous> (file:///D:/billing-rtrw-main/acs-lite/node_modules/@whiskeysockets/baileys/lib/Socket/socket.js:515:13)
    at WebSocketClient.emit (node:events:524:28)
    at file:///D:/billing-rtrw-main/acs-lite/node_modules/@whiskeysockets/baileys/lib/Socket/socket.js:230:35
    at Object.decodeFrame (file:///D:/billing-rtrw-main/acs-lite/node_modules/@whiskeysockets/baileys/lib/Utils/noise-handler.js:140:17)
    at process.processTicksAndRejections (node:internal/process/task_queues:105:5). Reconnecting: true
2026-06-18 11:32:53 INFO: [WhatsApp] Initiating Baileys connection...
2026-06-18 11:32:58 WARN: [WhatsApp] Connection closed. Error: Error: Connection Failure
    at WebSocketClient.<anonymous> (file:///D:/billing-rtrw-main/acs-lite/node_modules/@whiskeysockets/baileys/lib/Socket/socket.js:515:13)
    at WebSocketClient.emit (node:events:524:28)
    at file:///D:/billing-rtrw-main/acs-lite/node_modules/@whiskeysockets/baileys/lib/Socket/socket.js:230:35
    at Object.decodeFrame (file:///D:/billing-rtrw-main/acs-lite/node_modules/@whiskeysockets/baileys/lib/Utils/noise-handler.js:140:17)
    at process.processTicksAndRejections (node:internal/process/task_queues:105:5). Reconnecting: true
2026-06-18 11:33:03 INFO: [WhatsApp] Initiating Baileys connection...
2026-06-18 11:33:06 WARN: [WhatsApp] Connection closed. Error: Error: Connection Failure
    at WebSocketClient.<anonymous> (file:///D:/billing-rtrw-main/acs-lite/node_modules/@whiskeysockets/baileys/lib/Socket/socket.js:515:13)
    at WebSocketClient.emit (node:events:524:28)
    at file:///D:/billing-rtrw-main/acs-lite/node_modules/@whiskeysockets/baileys/lib/Socket/socket.js:230:35
    at Object.decodeFrame (file:///D:/billing-rtrw-main/acs-lite/node_modules/@whiskeysockets/baileys/lib/Utils/noise-handler.js:140:17)
    at process.processTicksAndRejections (node:internal/process/task_queues:105:5). Reconnecting: true
2026-06-18 11:33:11 INFO: [WhatsApp] Initiating Baileys connection...
2026-06-18 11:33:15 WARN: [WhatsApp] Connection closed. Error: Error: Connection Failure
    at WebSocketClient.<anonymous> (file:///D:/billing-rtrw-main/acs-lite/node_modules/@whiskeysockets/baileys/lib/Socket/socket.js:515:13)
    at WebSocketClient.emit (node:events:524:28)
    at file:///D:/billing-rtrw-main/acs-lite/node_modules/@whiskeysockets/baileys/lib/Socket/socket.js:230:35
    at Object.decodeFrame (file:///D:/billing-rtrw-main/acs-lite/node_modules/@whiskeysockets/baileys/lib/Utils/noise-handler.js:140:17)
    at process.processTicksAndRejections (node:internal/process/task_queues:105:5). Reconnecting: true
2026-06-18 11:33:24 INFO: [DB] SQLite database initialized successfully.
2026-06-18 11:33:24 INFO: [DB] Inserted default dynamic virtual parameters.
2026-06-18 11:33:24 INFO: [DB] Inserted default app settings.
2026-06-18 11:33:26 INFO: ===================================================
2026-06-18 11:33:26 INFO:  ACS Lite standalone server is running on port 5000
2026-06-18 11:33:26 INFO:  Web Admin Portal:   http://localhost:5000/admin
2026-06-18 11:33:26 INFO:  Customer Portal:    http://localhost:5000/customer
2026-06-18 11:33:26 INFO:  ACS TR-069 URL:     http://<Server-IP>:5000/acs
2026-06-18 11:33:26 INFO: ===================================================
2026-06-18 11:33:26 INFO: [WhatsApp] Initiating Baileys connection...
2026-06-18 11:33:26 INFO: [WhatsApp] Fetched latest version: 2.3000.1035194821
2026-06-18 11:33:27 INFO: [WhatsApp] QR Code generated. Scan to log in.
2026-06-18 11:33:44 INFO: User logged in: admin (admin)
2026-06-18 11:34:27 INFO: [WhatsApp] QR Code generated. Scan to log in.
2026-06-18 11:34:47 INFO: [WhatsApp] QR Code generated. Scan to log in.
2026-06-18 11:35:07 INFO: [WhatsApp] QR Code generated. Scan to log in.
2026-06-18 11:35:27 INFO: [WhatsApp] QR Code generated. Scan to log in.
2026-06-18 11:35:47 INFO: [WhatsApp] QR Code generated. Scan to log in.
2026-06-18 11:36:07 WARN: [WhatsApp] Connection closed. Error: Error: QR refs attempts ended
    at Timeout.genPairQR [as _onTimeout] (file:///D:/billing-rtrw-main/acs-lite/node_modules/@whiskeysockets/baileys/lib/Socket/socket.js:471:21)
    at listOnTimeout (node:internal/timers:594:17)
    at process.processTimers (node:internal/timers:529:7). Reconnecting: true
2026-06-18 11:36:12 INFO: [WhatsApp] Initiating Baileys connection...
2026-06-18 11:36:12 INFO: [WhatsApp] Fetched latest version: 2.3000.1035194821
2026-06-18 11:36:13 INFO: [WhatsApp] QR Code generated. Scan to log in.
2026-06-18 11:37:13 INFO: [WhatsApp] QR Code generated. Scan to log in.
2026-06-18 11:37:33 INFO: [WhatsApp] QR Code generated. Scan to log in.
2026-06-18 11:37:53 INFO: [WhatsApp] QR Code generated. Scan to log in.
2026-06-18 11:38:13 INFO: [WhatsApp] QR Code generated. Scan to log in.
2026-06-18 11:38:33 INFO: [WhatsApp] QR Code generated. Scan to log in.
2026-06-18 11:38:53 WARN: [WhatsApp] Connection closed. Error: Error: QR refs attempts ended
    at Timeout.genPairQR [as _onTimeout] (file:///D:/billing-rtrw-main/acs-lite/node_modules/@whiskeysockets/baileys/lib/Socket/socket.js:471:21)
    at listOnTimeout (node:internal/timers:594:17)
    at process.processTimers (node:internal/timers:529:7). Reconnecting: true
2026-06-18 11:38:58 INFO: [WhatsApp] Initiating Baileys connection...
2026-06-18 11:38:58 INFO: [WhatsApp] Fetched latest version: 2.3000.1035194821
2026-06-18 11:38:59 INFO: [WhatsApp] QR Code generated. Scan to log in.
2026-06-18 11:39:59 INFO: [WhatsApp] QR Code generated. Scan to log in.
2026-06-18 11:40:19 INFO: [WhatsApp] QR Code generated. Scan to log in.
2026-06-18 11:40:39 INFO: [WhatsApp] QR Code generated. Scan to log in.
2026-06-18 11:40:59 INFO: [WhatsApp] QR Code generated. Scan to log in.
2026-06-18 11:41:15 INFO: [DB] SQLite database initialized successfully.
2026-06-18 11:41:15 INFO: [DB] Inserted default dynamic virtual parameters.
2026-06-18 11:41:15 INFO: [DB] Inserted default app settings.
2026-06-18 11:41:17 INFO: ===================================================
2026-06-18 11:41:17 INFO:  ACS Lite standalone server is running on port 5000
2026-06-18 11:41:17 INFO:  Web Admin Portal:   http://localhost:5000/admin
2026-06-18 11:41:17 INFO:  Customer Portal:    http://localhost:5000/customer
2026-06-18 11:41:17 INFO:  ACS TR-069 URL:     http://<Server-IP>:5000/acs
2026-06-18 11:41:17 INFO: ===================================================
2026-06-18 11:41:17 INFO: [WhatsApp] Initiating Baileys connection...
2026-06-18 11:41:17 INFO: [WhatsApp] Fetched latest version: 2.3000.1035194821
2026-06-18 11:41:18 INFO: [WhatsApp] QR Code generated. Scan to log in.
2026-06-18 11:41:21 INFO: User logged in: admin (admin)
2026-06-18 11:42:18 INFO: [WhatsApp] QR Code generated. Scan to log in.
2026-06-18 11:42:38 INFO: [WhatsApp] QR Code generated. Scan to log in.
2026-06-18 11:42:58 INFO: [WhatsApp] QR Code generated. Scan to log in.
2026-06-18 11:43:18 INFO: [WhatsApp] QR Code generated. Scan to log in.
2026-06-18 11:43:38 INFO: [WhatsApp] QR Code generated. Scan to log in.
2026-06-18 11:43:58 WARN: [WhatsApp] Connection closed. Error: Error: QR refs attempts ended
    at Timeout.genPairQR [as _onTimeout] (file:///D:/billing-rtrw-main/acs-lite/node_modules/@whiskeysockets/baileys/lib/Socket/socket.js:471:21)
    at listOnTimeout (node:internal/timers:594:17)
    at process.processTimers (node:internal/timers:529:7). Reconnecting: true
2026-06-18 11:44:03 INFO: [WhatsApp] Initiating Baileys connection...
2026-06-18 11:44:03 INFO: [WhatsApp] Fetched latest version: 2.3000.1035194821
2026-06-18 11:44:04 INFO: [WhatsApp] QR Code generated. Scan to log in.
2026-06-18 11:45:04 INFO: [WhatsApp] QR Code generated. Scan to log in.
2026-06-18 11:46:52 INFO: [DB] SQLite database initialized successfully.
2026-06-18 11:46:52 INFO: [DB] Inserted default dynamic virtual parameters.
2026-06-18 11:46:52 INFO: [DB] Inserted default app settings.
2026-06-18 11:46:53 INFO: ===================================================
2026-06-18 11:46:53 INFO:  ACS Lite standalone server is running on port 5000
2026-06-18 11:46:53 INFO:  Web Admin Portal:   http://localhost:5000/admin
2026-06-18 11:46:53 INFO:  Customer Portal:    http://localhost:5000/customer
2026-06-18 11:46:53 INFO:  ACS TR-069 URL:     http://<Server-IP>:5000/acs
2026-06-18 11:46:53 INFO: ===================================================
2026-06-18 11:46:53 INFO: [WhatsApp] Initiating Baileys connection...
2026-06-18 11:46:53 INFO: [WhatsApp] Fetched latest version: 2.3000.1035194821
2026-06-18 11:46:54 INFO: [WhatsApp] QR Code generated. Scan to log in.
2026-06-18 11:47:05 INFO: User logged in: admin (admin)
2026-06-18 11:47:54 INFO: [WhatsApp] QR Code generated. Scan to log in.
2026-06-18 11:48:14 INFO: [WhatsApp] QR Code generated. Scan to log in.
2026-06-18 11:48:34 INFO: [WhatsApp] QR Code generated. Scan to log in.
2026-06-18 11:48:54 INFO: [WhatsApp] QR Code generated. Scan to log in.
2026-06-18 11:49:14 INFO: [WhatsApp] QR Code generated. Scan to log in.
2026-06-18 11:49:34 WARN: [WhatsApp] Connection closed. Error: Error: QR refs attempts ended
    at Timeout.genPairQR [as _onTimeout] (file:///D:/billing-rtrw-main/acs-lite/node_modules/@whiskeysockets/baileys/lib/Socket/socket.js:471:21)
    at listOnTimeout (node:internal/timers:594:17)
    at process.processTimers (node:internal/timers:529:7). Reconnecting: true
2026-06-18 11:49:39 INFO: [WhatsApp] Initiating Baileys connection...
2026-06-18 11:49:39 INFO: [WhatsApp] Fetched latest version: 2.3000.1035194821
2026-06-18 11:49:40 INFO: [WhatsApp] QR Code generated. Scan to log in.
2026-06-18 11:50:40 INFO: [WhatsApp] QR Code generated. Scan to log in.
2026-06-18 11:51:00 INFO: [WhatsApp] QR Code generated. Scan to log in.
2026-06-18 11:51:20 INFO: [WhatsApp] QR Code generated. Scan to log in.
2026-06-18 11:51:40 INFO: [WhatsApp] QR Code generated. Scan to log in.
2026-06-18 11:52:00 INFO: [WhatsApp] QR Code generated. Scan to log in.
2026-06-18 11:52:20 WARN: [WhatsApp] Connection closed. Error: Error: QR refs attempts ended
    at Timeout.genPairQR [as _onTimeout] (file:///D:/billing-rtrw-main/acs-lite/node_modules/@whiskeysockets/baileys/lib/Socket/socket.js:471:21)
    at listOnTimeout (node:internal/timers:594:17)
    at process.processTimers (node:internal/timers:529:7). Reconnecting: true
2026-06-18 11:52:25 INFO: [WhatsApp] Initiating Baileys connection...
2026-06-18 11:52:25 INFO: [WhatsApp] Fetched latest version: 2.3000.1035194821
2026-06-18 11:52:26 INFO: [WhatsApp] QR Code generated. Scan to log in.
2026-06-18 11:53:26 INFO: [WhatsApp] QR Code generated. Scan to log in.
2026-06-18 11:53:46 INFO: [WhatsApp] QR Code generated. Scan to log in.
2026-06-18 11:54:06 INFO: [WhatsApp] QR Code generated. Scan to log in.
2026-06-18 11:54:26 INFO: [WhatsApp] QR Code generated. Scan to log in.
2026-06-18 11:54:46 INFO: [WhatsApp] QR Code generated. Scan to log in.
2026-06-18 11:55:06 WARN: [WhatsApp] Connection closed. Error: Error: QR refs attempts ended
    at Timeout.genPairQR [as _onTimeout] (file:///D:/billing-rtrw-main/acs-lite/node_modules/@whiskeysockets/baileys/lib/Socket/socket.js:471:21)
    at listOnTimeout (node:internal/timers:594:17)
    at process.processTimers (node:internal/timers:529:7). Reconnecting: true
2026-06-18 11:55:11 INFO: [WhatsApp] Initiating Baileys connection...
2026-06-18 11:55:11 INFO: [WhatsApp] Fetched latest version: 2.3000.1035194821
2026-06-18 11:55:12 INFO: [WhatsApp] QR Code generated. Scan to log in.
2026-06-18 11:56:12 INFO: [WhatsApp] QR Code generated. Scan to log in.
2026-06-18 11:56:32 INFO: [WhatsApp] QR Code generated. Scan to log in.
2026-06-18 11:56:52 INFO: [WhatsApp] QR Code generated. Scan to log in.
2026-06-18 11:57:12 INFO: [WhatsApp] QR Code generated. Scan to log in.
2026-06-18 11:57:32 INFO: [WhatsApp] QR Code generated. Scan to log in.
2026-06-18 11:57:52 WARN: [WhatsApp] Connection closed. Error: Error: QR refs attempts ended
    at Timeout.genPairQR [as _onTimeout] (file:///D:/billing-rtrw-main/acs-lite/node_modules/@whiskeysockets/baileys/lib/Socket/socket.js:471:21)
    at listOnTimeout (node:internal/timers:594:17)
    at process.processTimers (node:internal/timers:529:7). Reconnecting: true
2026-06-18 11:57:57 INFO: [WhatsApp] Initiating Baileys connection...
2026-06-18 11:57:57 INFO: [WhatsApp] Fetched latest version: 2.3000.1035194821
2026-06-18 11:57:58 INFO: [WhatsApp] QR Code generated. Scan to log in.
2026-06-18 11:58:58 INFO: [WhatsApp] QR Code generated. Scan to log in.
2026-06-18 11:59:18 INFO: [WhatsApp] QR Code generated. Scan to log in.
2026-06-18 11:59:38 INFO: [WhatsApp] QR Code generated. Scan to log in.
2026-06-18 11:59:58 INFO: [WhatsApp] QR Code generated. Scan to log in.
2026-06-18 12:00:14 INFO: User logged out: admin
2026-06-18 12:00:18 INFO: User logged in: admin (admin)
2026-06-18 12:00:18 INFO: [WhatsApp] QR Code generated. Scan to log in.
2026-06-18 12:00:38 WARN: [WhatsApp] Connection closed. Error: Error: QR refs attempts ended
    at Timeout.genPairQR [as _onTimeout] (file:///D:/billing-rtrw-main/acs-lite/node_modules/@whiskeysockets/baileys/lib/Socket/socket.js:471:21)
    at listOnTimeout (node:internal/timers:594:17)
    at process.processTimers (node:internal/timers:529:7). Reconnecting: true
2026-06-18 12:00:43 INFO: [WhatsApp] Initiating Baileys connection...
2026-06-18 12:00:43 INFO: [WhatsApp] Fetched latest version: 2.3000.1035194821
2026-06-18 12:00:44 INFO: [WhatsApp] QR Code generated. Scan to log in.
2026-06-18 12:00:56 INFO: User logged out: admin
2026-06-18 12:01:08 INFO: User logged in: bronze (customer)
2026-06-18 12:01:44 INFO: [WhatsApp] QR Code generated. Scan to log in.
2026-06-18 12:02:04 INFO: [WhatsApp] QR Code generated. Scan to log in.
2026-06-18 12:02:24 INFO: [WhatsApp] QR Code generated. Scan to log in.
2026-06-18 12:02:44 INFO: [WhatsApp] QR Code generated. Scan to log in.
2026-06-18 12:03:04 INFO: [WhatsApp] QR Code generated. Scan to log in.
2026-06-18 12:03:24 WARN: [WhatsApp] Connection closed. Error: Error: QR refs attempts ended
    at Timeout.genPairQR [as _onTimeout] (file:///D:/billing-rtrw-main/acs-lite/node_modules/@whiskeysockets/baileys/lib/Socket/socket.js:471:21)
    at listOnTimeout (node:internal/timers:594:17)
    at process.processTimers (node:internal/timers:529:7). Reconnecting: true
2026-06-18 12:03:29 INFO: [WhatsApp] Initiating Baileys connection...
2026-06-18 12:03:29 INFO: [WhatsApp] Fetched latest version: 2.3000.1035194821
2026-06-18 12:03:30 INFO: [WhatsApp] QR Code generated. Scan to log in.
2026-06-18 12:03:34 INFO: User logged out: bronze
2026-06-18 12:03:38 INFO: User logged in: admin (admin)
2026-06-18 12:04:30 INFO: [WhatsApp] QR Code generated. Scan to log in.
2026-06-18 12:04:50 INFO: [WhatsApp] QR Code generated. Scan to log in.
2026-06-18 12:05:10 INFO: [WhatsApp] QR Code generated. Scan to log in.
2026-06-18 12:05:30 INFO: [WhatsApp] QR Code generated. Scan to log in.
2026-06-18 12:05:50 INFO: [WhatsApp] QR Code generated. Scan to log in.
2026-06-18 12:06:10 WARN: [WhatsApp] Connection closed. Error: Error: QR refs attempts ended
    at Timeout.genPairQR [as _onTimeout] (file:///D:/billing-rtrw-main/acs-lite/node_modules/@whiskeysockets/baileys/lib/Socket/socket.js:471:21)
    at listOnTimeout (node:internal/timers:594:17)
    at process.processTimers (node:internal/timers:529:7). Reconnecting: true
2026-06-18 12:06:15 INFO: [WhatsApp] Initiating Baileys connection...
2026-06-18 12:06:15 INFO: [WhatsApp] Fetched latest version: 2.3000.1035194821
2026-06-18 12:06:16 INFO: [WhatsApp] QR Code generated. Scan to log in.
2026-06-18 12:07:16 INFO: [WhatsApp] QR Code generated. Scan to log in.
2026-06-18 12:07:36 INFO: [WhatsApp] QR Code generated. Scan to log in.
2026-06-18 12:07:56 INFO: [WhatsApp] QR Code generated. Scan to log in.
2026-06-18 12:08:16 INFO: [WhatsApp] QR Code generated. Scan to log in.
2026-06-18 12:08:36 INFO: [WhatsApp] QR Code generated. Scan to log in.
2026-06-18 12:08:56 WARN: [WhatsApp] Connection closed. Error: Error: QR refs attempts ended
    at Timeout.genPairQR [as _onTimeout] (file:///D:/billing-rtrw-main/acs-lite/node_modules/@whiskeysockets/baileys/lib/Socket/socket.js:471:21)
    at listOnTimeout (node:internal/timers:594:17)
    at process.processTimers (node:internal/timers:529:7). Reconnecting: true
2026-06-18 12:09:01 INFO: [WhatsApp] Initiating Baileys connection...
2026-06-18 12:09:01 INFO: [WhatsApp] Fetched latest version: 2.3000.1035194821
2026-06-18 12:09:02 INFO: [WhatsApp] QR Code generated. Scan to log in.
2026-06-18 12:10:02 INFO: [WhatsApp] QR Code generated. Scan to log in.
2026-06-18 12:10:22 INFO: [WhatsApp] QR Code generated. Scan to log in.
2026-06-18 12:10:42 INFO: [WhatsApp] QR Code generated. Scan to log in.
2026-06-18 12:11:02 INFO: [WhatsApp] QR Code generated. Scan to log in.
2026-06-18 12:11:22 INFO: [WhatsApp] QR Code generated. Scan to log in.
2026-06-18 12:11:42 WARN: [WhatsApp] Connection closed. Error: Error: QR refs attempts ended
    at Timeout.genPairQR [as _onTimeout] (file:///D:/billing-rtrw-main/acs-lite/node_modules/@whiskeysockets/baileys/lib/Socket/socket.js:471:21)
    at listOnTimeout (node:internal/timers:594:17)
    at process.processTimers (node:internal/timers:529:7). Reconnecting: true
2026-06-18 12:11:47 INFO: [WhatsApp] Initiating Baileys connection...
2026-06-18 12:11:47 INFO: [WhatsApp] Fetched latest version: 2.3000.1035194821
2026-06-18 12:11:48 INFO: [WhatsApp] QR Code generated. Scan to log in.
2026-06-18 12:12:48 INFO: [WhatsApp] QR Code generated. Scan to log in.
2026-06-18 12:13:08 INFO: [WhatsApp] QR Code generated. Scan to log in.
2026-06-18 12:13:28 INFO: [WhatsApp] QR Code generated. Scan to log in.
2026-06-18 12:13:48 INFO: [WhatsApp] QR Code generated. Scan to log in.
2026-06-18 12:14:08 INFO: [WhatsApp] QR Code generated. Scan to log in.
2026-06-18 12:14:28 WARN: [WhatsApp] Connection closed. Error: Error: QR refs attempts ended
    at Timeout.genPairQR [as _onTimeout] (file:///D:/billing-rtrw-main/acs-lite/node_modules/@whiskeysockets/baileys/lib/Socket/socket.js:471:21)
    at listOnTimeout (node:internal/timers:594:17)
    at process.processTimers (node:internal/timers:529:7). Reconnecting: true
2026-06-18 12:14:33 INFO: [WhatsApp] Initiating Baileys connection...
2026-06-18 12:14:33 INFO: [WhatsApp] Fetched latest version: 2.3000.1035194821
2026-06-18 12:14:34 INFO: [WhatsApp] QR Code generated. Scan to log in.
2026-06-18 12:15:34 INFO: [WhatsApp] QR Code generated. Scan to log in.
2026-06-18 12:15:54 INFO: [WhatsApp] QR Code generated. Scan to log in.
2026-06-18 12:16:08 INFO: [DB] SQLite database initialized successfully.
2026-06-18 12:16:08 INFO: [DB] Inserted default dynamic virtual parameters.
2026-06-18 12:16:08 INFO: [DB] Inserted default app settings.
2026-06-18 12:16:14 INFO: [WhatsApp] QR Code generated. Scan to log in.
2026-06-18 12:16:15 INFO: [DB] SQLite database initialized successfully.
2026-06-18 12:16:15 INFO: [DB] Inserted default dynamic virtual parameters.
2026-06-18 12:16:15 INFO: [DB] Inserted default app settings.
2026-06-18 12:16:22 INFO: [DB] SQLite database initialized successfully.
2026-06-18 12:16:22 INFO: [DB] Inserted default dynamic virtual parameters.
2026-06-18 12:16:22 INFO: [DB] Inserted default app settings.
2026-06-18 12:16:35 INFO: [DB] SQLite database initialized successfully.
2026-06-18 12:16:35 INFO: [DB] Inserted default dynamic virtual parameters.
2026-06-18 12:16:35 INFO: [DB] Inserted default app settings.
2026-06-18 12:16:36 INFO: ===================================================
2026-06-18 12:16:36 INFO:  ACS Lite standalone server is running on port 5000
2026-06-18 12:16:36 INFO:  Web Admin Portal:   http://localhost:5000/admin
2026-06-18 12:16:36 INFO:  Customer Portal:    http://localhost:5000/customer
2026-06-18 12:16:36 INFO:  ACS TR-069 URL:     http://<Server-IP>:5000/acs
2026-06-18 12:16:36 INFO: ===================================================
2026-06-18 12:16:36 INFO: [WhatsApp] Initiating Baileys connection...
2026-06-18 12:16:36 INFO: [WhatsApp] Fetched latest version: 2.3000.1035194821
2026-06-18 12:16:37 INFO: [WhatsApp] QR Code generated. Scan to log in.
2026-06-18 12:16:42 INFO: User logged in: admin (admin)
2026-06-18 12:17:37 INFO: [WhatsApp] QR Code generated. Scan to log in.
2026-06-18 12:17:45 INFO: [DB] SQLite database initialized successfully.
2026-06-18 12:17:45 INFO: [DB] Inserted default dynamic virtual parameters.
2026-06-18 12:17:45 INFO: [DB] Inserted default app settings.
2026-06-18 12:17:57 INFO: [WhatsApp] QR Code generated. Scan to log in.
2026-06-18 12:18:17 INFO: [WhatsApp] QR Code generated. Scan to log in.
2026-06-18 12:18:37 INFO: [WhatsApp] QR Code generated. Scan to log in.
2026-06-18 12:18:57 INFO: [WhatsApp] QR Code generated. Scan to log in.
2026-06-18 12:19:07 INFO: User logged out: admin
2026-06-18 12:19:17 WARN: [WhatsApp] Connection closed. Error: Error: QR refs attempts ended
    at Timeout.genPairQR [as _onTimeout] (file:///D:/billing-rtrw-main/acs-lite/node_modules/@whiskeysockets/baileys/lib/Socket/socket.js:471:21)
    at listOnTimeout (node:internal/timers:594:17)
    at process.processTimers (node:internal/timers:529:7). Reconnecting: true
2026-06-18 12:19:19 INFO: User logged in: bronze (customer)
2026-06-18 12:19:22 INFO: [WhatsApp] Initiating Baileys connection...
2026-06-18 12:19:22 INFO: [WhatsApp] Fetched latest version: 2.3000.1035194821
2026-06-18 12:19:23 INFO: [WhatsApp] QR Code generated. Scan to log in.
2026-06-18 12:20:23 INFO: [WhatsApp] QR Code generated. Scan to log in.
2026-06-18 12:20:43 INFO: [WhatsApp] QR Code generated. Scan to log in.
2026-06-18 12:21:03 INFO: [WhatsApp] QR Code generated. Scan to log in.
2026-06-18 12:21:23 INFO: [WhatsApp] QR Code generated. Scan to log in.
2026-06-18 12:21:43 INFO: [WhatsApp] QR Code generated. Scan to log in.
2026-06-18 12:22:03 WARN: [WhatsApp] Connection closed. Error: Error: QR refs attempts ended
    at Timeout.genPairQR [as _onTimeout] (file:///D:/billing-rtrw-main/acs-lite/node_modules/@whiskeysockets/baileys/lib/Socket/socket.js:471:21)
    at listOnTimeout (node:internal/timers:594:17)
    at process.processTimers (node:internal/timers:529:7). Reconnecting: true
2026-06-18 12:22:08 INFO: [WhatsApp] Initiating Baileys connection...
2026-06-18 12:22:08 INFO: [WhatsApp] Fetched latest version: 2.3000.1035194821
2026-06-18 12:22:09 INFO: [WhatsApp] QR Code generated. Scan to log in.
2026-06-18 12:23:09 INFO: [WhatsApp] QR Code generated. Scan to log in.
2026-06-18 12:23:29 INFO: [WhatsApp] QR Code generated. Scan to log in.
2026-06-18 12:23:49 INFO: [WhatsApp] QR Code generated. Scan to log in.
2026-06-18 12:24:09 INFO: [WhatsApp] QR Code generated. Scan to log in.
2026-06-18 12:24:29 INFO: [WhatsApp] QR Code generated. Scan to log in.
2026-06-18 12:24:49 WARN: [WhatsApp] Connection closed. Error: Error: QR refs attempts ended
    at Timeout.genPairQR [as _onTimeout] (file:///D:/billing-rtrw-main/acs-lite/node_modules/@whiskeysockets/baileys/lib/Socket/socket.js:471:21)
    at listOnTimeout (node:internal/timers:594:17)
    at process.processTimers (node:internal/timers:529:7). Reconnecting: true
2026-06-18 12:24:54 INFO: [WhatsApp] Initiating Baileys connection...
2026-06-18 12:24:54 INFO: [WhatsApp] Fetched latest version: 2.3000.1035194821
2026-06-18 12:24:55 INFO: [WhatsApp] QR Code generated. Scan to log in.
2026-06-18 12:25:15 INFO: [DB] SQLite database initialized successfully.
2026-06-18 12:25:15 INFO: [DB] Inserted default dynamic virtual parameters.
2026-06-18 12:25:15 INFO: [DB] Inserted default app settings.
2026-06-18 12:25:16 INFO: ===================================================
2026-06-18 12:25:16 INFO:  ACS Lite standalone server is running on port 5000
2026-06-18 12:25:16 INFO:  Web Admin Portal:   http://localhost:5000/admin
2026-06-18 12:25:16 INFO:  Customer Portal:    http://localhost:5000/customer
2026-06-18 12:25:16 INFO:  ACS TR-069 URL:     http://<Server-IP>:5000/acs
2026-06-18 12:25:16 INFO: ===================================================
2026-06-18 12:25:17 INFO: [WhatsApp] Initiating Baileys connection...
2026-06-18 12:25:17 INFO: [WhatsApp] Fetched latest version: 2.3000.1035194821
2026-06-18 12:25:18 INFO: [WhatsApp] QR Code generated. Scan to log in.
2026-06-18 12:25:31 INFO: User logged in: bronze (customer)
2026-06-18 12:26:18 INFO: [WhatsApp] QR Code generated. Scan to log in.
2026-06-18 12:26:38 INFO: [WhatsApp] QR Code generated. Scan to log in.
2026-06-18 12:26:58 INFO: [WhatsApp] QR Code generated. Scan to log in.
2026-06-18 12:27:18 INFO: [WhatsApp] QR Code generated. Scan to log in.
2026-06-18 12:27:38 INFO: [WhatsApp] QR Code generated. Scan to log in.
2026-06-18 12:27:58 WARN: [WhatsApp] Connection closed. Error: Error: QR refs attempts ended
    at Timeout.genPairQR [as _onTimeout] (file:///D:/billing-rtrw-main/acs-lite/node_modules/@whiskeysockets/baileys/lib/Socket/socket.js:471:21)
    at listOnTimeout (node:internal/timers:594:17)
    at process.processTimers (node:internal/timers:529:7). Reconnecting: true
2026-06-18 12:28:03 INFO: [WhatsApp] Initiating Baileys connection...
2026-06-18 12:28:03 INFO: [WhatsApp] Fetched latest version: 2.3000.1035194821
2026-06-18 12:28:04 INFO: [WhatsApp] QR Code generated. Scan to log in.
2026-06-18 12:29:04 INFO: [WhatsApp] QR Code generated. Scan to log in.
2026-06-18 12:29:24 INFO: [WhatsApp] QR Code generated. Scan to log in.
2026-06-18 12:29:44 INFO: [WhatsApp] QR Code generated. Scan to log in.
2026-06-18 12:30:04 INFO: [WhatsApp] QR Code generated. Scan to log in.
2026-06-18 12:30:24 INFO: [WhatsApp] QR Code generated. Scan to log in.
2026-06-18 12:30:44 WARN: [WhatsApp] Connection closed. Error: Error: QR refs attempts ended
    at Timeout.genPairQR [as _onTimeout] (file:///D:/billing-rtrw-main/acs-lite/node_modules/@whiskeysockets/baileys/lib/Socket/socket.js:471:21)
    at listOnTimeout (node:internal/timers:594:17)
    at process.processTimers (node:internal/timers:529:7). Reconnecting: true
2026-06-18 12:30:49 INFO: [WhatsApp] Initiating Baileys connection...
2026-06-18 12:30:49 INFO: [WhatsApp] Fetched latest version: 2.3000.1035194821
2026-06-18 12:30:50 INFO: [WhatsApp] QR Code generated. Scan to log in.
2026-06-18 12:31:22 INFO: [DB] SQLite database initialized successfully.
2026-06-18 12:31:22 INFO: [DB] Inserted default dynamic virtual parameters.
2026-06-18 12:31:22 INFO: [DB] Inserted default app settings.
2026-06-18 12:31:23 INFO: ===================================================
2026-06-18 12:31:23 INFO:  ACS Lite standalone server is running on port 5000
2026-06-18 12:31:23 INFO:  Web Admin Portal:   http://localhost:5000/admin
2026-06-18 12:31:23 INFO:  Customer Portal:    http://localhost:5000/customer
2026-06-18 12:31:23 INFO:  ACS TR-069 URL:     http://<Server-IP>:5000/acs
2026-06-18 12:31:23 INFO: ===================================================
2026-06-18 12:31:23 INFO: [WhatsApp] Initiating Baileys connection...
2026-06-18 12:31:23 INFO: [WhatsApp] Fetched latest version: 2.3000.1035194821
2026-06-18 12:31:24 INFO: [WhatsApp] QR Code generated. Scan to log in.
2026-06-18 12:31:36 INFO: User logged in: bronze (customer)
2026-06-18 12:32:24 INFO: [WhatsApp] QR Code generated. Scan to log in.
2026-06-18 12:32:44 INFO: [WhatsApp] QR Code generated. Scan to log in.
2026-06-18 12:33:04 INFO: [WhatsApp] QR Code generated. Scan to log in.
2026-06-18 12:33:24 INFO: [WhatsApp] QR Code generated. Scan to log in.
2026-06-18 12:33:44 INFO: [WhatsApp] QR Code generated. Scan to log in.
2026-06-18 12:34:04 WARN: [WhatsApp] Connection closed. Error: Error: QR refs attempts ended
    at Timeout.genPairQR [as _onTimeout] (file:///D:/billing-rtrw-main/acs-lite/node_modules/@whiskeysockets/baileys/lib/Socket/socket.js:471:21)
    at listOnTimeout (node:internal/timers:594:17)
    at process.processTimers (node:internal/timers:529:7). Reconnecting: true
2026-06-18 12:34:09 INFO: [WhatsApp] Initiating Baileys connection...
2026-06-18 12:34:09 INFO: [WhatsApp] Fetched latest version: 2.3000.1035194821
2026-06-18 12:34:17 INFO: [DB] SQLite database initialized successfully.
2026-06-18 12:34:18 INFO: [DB] Inserted default dynamic virtual parameters.
2026-06-18 12:34:18 INFO: [DB] Inserted default app settings.
2026-06-18 12:34:19 INFO: ===================================================
2026-06-18 12:34:19 INFO:  ACS Lite standalone server is running on port 5000
2026-06-18 12:34:19 INFO:  Web Admin Portal:   http://localhost:5000/admin
2026-06-18 12:34:19 INFO:  Customer Portal:    http://localhost:5000/customer
2026-06-18 12:34:19 INFO:  ACS TR-069 URL:     http://<Server-IP>:5000/acs
2026-06-18 12:34:19 INFO: ===================================================
2026-06-18 12:34:19 INFO: [WhatsApp] Initiating Baileys connection...
2026-06-18 12:34:19 INFO: [WhatsApp] Fetched latest version: 2.3000.1035194821
2026-06-18 12:34:20 INFO: [WhatsApp] QR Code generated. Scan to log in.
2026-06-18 12:34:33 INFO: User logged in: bronze (customer)
2026-06-18 12:35:20 INFO: [WhatsApp] QR Code generated. Scan to log in.
2026-06-18 12:35:40 INFO: [WhatsApp] QR Code generated. Scan to log in.
2026-06-18 12:36:00 INFO: [WhatsApp] QR Code generated. Scan to log in.
2026-06-18 12:36:20 INFO: [WhatsApp] QR Code generated. Scan to log in.
2026-06-18 12:36:40 INFO: [WhatsApp] QR Code generated. Scan to log in.
2026-06-18 12:37:00 WARN: [WhatsApp] Connection closed. Error: Error: QR refs attempts ended
    at Timeout.genPairQR [as _onTimeout] (file:///D:/billing-rtrw-main/acs-lite/node_modules/@whiskeysockets/baileys/lib/Socket/socket.js:471:21)
    at listOnTimeout (node:internal/timers:594:17)
    at process.processTimers (node:internal/timers:529:7). Reconnecting: true
2026-06-18 12:37:05 INFO: [WhatsApp] Initiating Baileys connection...
2026-06-18 12:37:05 INFO: [WhatsApp] Fetched latest version: 2.3000.1035194821
2026-06-18 12:37:16 WARN: [WhatsApp] Connection closed. Error: Error: Connection Terminated
    at WebSocketClient.<anonymous> (file:///D:/billing-rtrw-main/acs-lite/node_modules/@whiskeysockets/baileys/lib/Socket/socket.js:445:30)
    at WebSocketClient.emit (node:events:524:28)
    at WebSocket.<anonymous> (file:///D:/billing-rtrw-main/acs-lite/node_modules/@whiskeysockets/baileys/lib/Socket/Client/websocket.js:35:54)
    at WebSocket.emit (node:events:524:28)
    at WebSocket.emitClose (D:\billing-rtrw-main\acs-lite\node_modules\ws\lib\websocket.js:279:10)
    at TLSSocket.socketOnClose (D:\billing-rtrw-main\acs-lite\node_modules\ws\lib\websocket.js:1360:15)
    at TLSSocket.emit (node:events:536:35)
    at node:net:351:12
    at TCP.done (node:_tls_wrap:650:7). Reconnecting: true
2026-06-18 12:37:21 INFO: [WhatsApp] Initiating Baileys connection...
2026-06-18 12:37:21 INFO: [WhatsApp] Fetched latest version: 2.3000.1035194821
2026-06-18 12:37:41 WARN: [WhatsApp] Connection closed. Error: Error: WebSocket Error (Opening handshake has timed out)
    at WebSocketClient.<anonymous> (file:///D:/billing-rtrw-main/acs-lite/node_modules/@whiskeysockets/baileys/lib/Socket/socket.js:604:17)
    at WebSocketClient.emit (node:events:524:28)
    at WebSocket.<anonymous> (file:///D:/billing-rtrw-main/acs-lite/node_modules/@whiskeysockets/baileys/lib/Socket/Client/websocket.js:35:54)
    at WebSocket.emit (node:events:524:28)
    at emitErrorAndClose (D:\billing-rtrw-main\acs-lite\node_modules\ws\lib\websocket.js:1060:13)
    at process.processTicksAndRejections (node:internal/process/task_queues:90:21). Reconnecting: true
2026-06-18 12:37:46 INFO: [WhatsApp] Initiating Baileys connection...
2026-06-18 12:37:47 INFO: [WhatsApp] Fetched latest version: 2.3000.1035194821
2026-06-18 12:38:07 WARN: [WhatsApp] Connection closed. Error: Error: WebSocket Error (Opening handshake has timed out)
    at WebSocketClient.<anonymous> (file:///D:/billing-rtrw-main/acs-lite/node_modules/@whiskeysockets/baileys/lib/Socket/socket.js:604:17)
    at WebSocketClient.emit (node:events:524:28)
    at WebSocket.<anonymous> (file:///D:/billing-rtrw-main/acs-lite/node_modules/@whiskeysockets/baileys/lib/Socket/Client/websocket.js:35:54)
    at WebSocket.emit (node:events:524:28)
    at emitErrorAndClose (D:\billing-rtrw-main\acs-lite\node_modules\ws\lib\websocket.js:1060:13)
    at process.processTicksAndRejections (node:internal/process/task_queues:90:21). Reconnecting: true
2026-06-18 12:38:12 INFO: [WhatsApp] Initiating Baileys connection...
2026-06-18 12:38:12 INFO: [WhatsApp] Fetched latest version: 2.3000.1035194821
2026-06-18 12:38:32 WARN: [WhatsApp] Connection closed. Error: Error: WebSocket Error (Opening handshake has timed out)
    at WebSocketClient.<anonymous> (file:///D:/billing-rtrw-main/acs-lite/node_modules/@whiskeysockets/baileys/lib/Socket/socket.js:604:17)
    at WebSocketClient.emit (node:events:524:28)
    at WebSocket.<anonymous> (file:///D:/billing-rtrw-main/acs-lite/node_modules/@whiskeysockets/baileys/lib/Socket/Client/websocket.js:35:54)
    at WebSocket.emit (node:events:524:28)
    at emitErrorAndClose (D:\billing-rtrw-main\acs-lite\node_modules\ws\lib\websocket.js:1060:13)
    at process.processTicksAndRejections (node:internal/process/task_queues:90:21). Reconnecting: true
2026-06-18 12:38:37 INFO: [WhatsApp] Initiating Baileys connection...
2026-06-18 12:38:37 INFO: [WhatsApp] Fetched latest version: 2.3000.1035194821
2026-06-18 12:38:57 WARN: [WhatsApp] Connection closed. Error: Error: WebSocket Error (Opening handshake has timed out)
    at WebSocketClient.<anonymous> (file:///D:/billing-rtrw-main/acs-lite/node_modules/@whiskeysockets/baileys/lib/Socket/socket.js:604:17)
    at WebSocketClient.emit (node:events:524:28)
    at WebSocket.<anonymous> (file:///D:/billing-rtrw-main/acs-lite/node_modules/@whiskeysockets/baileys/lib/Socket/Client/websocket.js:35:54)
    at WebSocket.emit (node:events:524:28)
    at emitErrorAndClose (D:\billing-rtrw-main\acs-lite\node_modules\ws\lib\websocket.js:1060:13)
    at process.processTicksAndRejections (node:internal/process/task_queues:90:21). Reconnecting: true
2026-06-18 12:39:02 INFO: [WhatsApp] Initiating Baileys connection...
2026-06-18 12:39:02 INFO: [WhatsApp] Fetched latest version: 2.3000.1035194821
2026-06-18 12:39:22 WARN: [WhatsApp] Connection closed. Error: Error: WebSocket Error (Opening handshake has timed out)
    at WebSocketClient.<anonymous> (file:///D:/billing-rtrw-main/acs-lite/node_modules/@whiskeysockets/baileys/lib/Socket/socket.js:604:17)
    at WebSocketClient.emit (node:events:524:28)
    at WebSocket.<anonymous> (file:///D:/billing-rtrw-main/acs-lite/node_modules/@whiskeysockets/baileys/lib/Socket/Client/websocket.js:35:54)
    at WebSocket.emit (node:events:524:28)
    at emitErrorAndClose (D:\billing-rtrw-main\acs-lite\node_modules\ws\lib\websocket.js:1060:13)
    at process.processTicksAndRejections (node:internal/process/task_queues:90:21). Reconnecting: true
2026-06-18 12:39:27 INFO: [WhatsApp] Initiating Baileys connection...
2026-06-18 12:39:27 INFO: [WhatsApp] Fetched latest version: 2.3000.1035194821
2026-06-18 12:39:47 WARN: [WhatsApp] Connection closed. Error: Error: WebSocket Error (Opening handshake has timed out)
    at WebSocketClient.<anonymous> (file:///D:/billing-rtrw-main/acs-lite/node_modules/@whiskeysockets/baileys/lib/Socket/socket.js:604:17)
    at WebSocketClient.emit (node:events:524:28)
    at WebSocket.<anonymous> (file:///D:/billing-rtrw-main/acs-lite/node_modules/@whiskeysockets/baileys/lib/Socket/Client/websocket.js:35:54)
    at WebSocket.emit (node:events:524:28)
    at emitErrorAndClose (D:\billing-rtrw-main\acs-lite\node_modules\ws\lib\websocket.js:1060:13)
    at process.processTicksAndRejections (node:internal/process/task_queues:90:21). Reconnecting: true
2026-06-18 12:39:52 INFO: [WhatsApp] Initiating Baileys connection...
2026-06-18 12:39:52 INFO: [WhatsApp] Fetched latest version: 2.3000.1035194821
2026-06-18 12:40:12 WARN: [WhatsApp] Connection closed. Error: Error: WebSocket Error (Opening handshake has timed out)
    at WebSocketClient.<anonymous> (file:///D:/billing-rtrw-main/acs-lite/node_modules/@whiskeysockets/baileys/lib/Socket/socket.js:604:17)
    at WebSocketClient.emit (node:events:524:28)
    at WebSocket.<anonymous> (file:///D:/billing-rtrw-main/acs-lite/node_modules/@whiskeysockets/baileys/lib/Socket/Client/websocket.js:35:54)
    at WebSocket.emit (node:events:524:28)
    at emitErrorAndClose (D:\billing-rtrw-main\acs-lite\node_modules\ws\lib\websocket.js:1060:13)
    at process.processTicksAndRejections (node:internal/process/task_queues:90:21). Reconnecting: true
2026-06-18 12:40:17 INFO: [WhatsApp] Initiating Baileys connection...
2026-06-18 12:40:17 INFO: [WhatsApp] Fetched latest version: 2.3000.1035194821
2026-06-18 12:40:37 WARN: [WhatsApp] Connection closed. Error: Error: WebSocket Error (Opening handshake has timed out)
    at WebSocketClient.<anonymous> (file:///D:/billing-rtrw-main/acs-lite/node_modules/@whiskeysockets/baileys/lib/Socket/socket.js:604:17)
    at WebSocketClient.emit (node:events:524:28)
    at WebSocket.<anonymous> (file:///D:/billing-rtrw-main/acs-lite/node_modules/@whiskeysockets/baileys/lib/Socket/Client/websocket.js:35:54)
    at WebSocket.emit (node:events:524:28)
    at emitErrorAndClose (D:\billing-rtrw-main\acs-lite\node_modules\ws\lib\websocket.js:1060:13)
    at process.processTicksAndRejections (node:internal/process/task_queues:90:21). Reconnecting: true
2026-06-18 12:40:42 INFO: [WhatsApp] Initiating Baileys connection...
2026-06-18 12:40:42 INFO: [WhatsApp] Fetched latest version: 2.3000.1035194821
2026-06-18 12:41:09 INFO: [DB] SQLite database initialized successfully.
2026-06-18 12:41:09 INFO: [DB] Inserted default dynamic virtual parameters.
2026-06-18 12:41:09 INFO: [DB] Inserted default app settings.
2026-06-18 12:41:10 INFO: ===================================================
2026-06-18 12:41:10 INFO:  ACS Lite standalone server is running on port 5000
2026-06-18 12:41:10 INFO:  Web Admin Portal:   http://localhost:5000/admin
2026-06-18 12:41:10 INFO:  Customer Portal:    http://localhost:5000/customer
2026-06-18 12:41:10 INFO:  ACS TR-069 URL:     http://<Server-IP>:5000/acs
2026-06-18 12:41:10 INFO: ===================================================
2026-06-18 12:41:10 INFO: [WhatsApp] Initiating Baileys connection...
2026-06-18 12:41:10 INFO: [WhatsApp] Fetched latest version: 2.3000.1035194821
2026-06-18 12:41:11 INFO: [WhatsApp] QR Code generated. Scan to log in.
2026-06-18 12:42:11 INFO: [WhatsApp] QR Code generated. Scan to log in.
2026-06-18 12:42:31 INFO: [WhatsApp] QR Code generated. Scan to log in.
2026-06-18 12:42:51 INFO: [WhatsApp] QR Code generated. Scan to log in.
2026-06-18 12:43:11 INFO: [WhatsApp] QR Code generated. Scan to log in.
2026-06-18 12:43:41 INFO: [DB] SQLite database initialized successfully.
2026-06-18 12:43:41 INFO: [DB] Inserted default dynamic virtual parameters.
2026-06-18 12:43:41 INFO: [DB] Inserted default app settings.
2026-06-18 12:43:42 INFO: ===================================================
2026-06-18 12:43:42 INFO:  ACS Lite standalone server is running on port 5000
2026-06-18 12:43:42 INFO:  Web Admin Portal:   http://localhost:5000/admin
2026-06-18 12:43:42 INFO:  Customer Portal:    http://localhost:5000/customer
2026-06-18 12:43:42 INFO:  ACS TR-069 URL:     http://<Server-IP>:5000/acs
2026-06-18 12:43:42 INFO: ===================================================
2026-06-18 12:43:42 INFO: [WhatsApp] Initiating Baileys connection...
2026-06-18 12:43:42 INFO: [WhatsApp] Fetched latest version: 2.3000.1035194821
2026-06-18 12:43:44 INFO: [WhatsApp] QR Code generated. Scan to log in.
2026-06-18 12:44:44 INFO: [WhatsApp] QR Code generated. Scan to log in.
2026-06-18 12:45:04 INFO: [WhatsApp] QR Code generated. Scan to log in.
2026-06-18 12:45:24 INFO: [WhatsApp] QR Code generated. Scan to log in.
2026-06-18 12:45:44 INFO: [WhatsApp] QR Code generated. Scan to log in.
2026-06-18 12:46:04 INFO: [WhatsApp] QR Code generated. Scan to log in.
2026-06-18 12:46:24 WARN: [WhatsApp] Connection closed. Error: Error: QR refs attempts ended
    at Timeout.genPairQR [as _onTimeout] (file:///D:/billing-rtrw-main/acs-lite/node_modules/@whiskeysockets/baileys/lib/Socket/socket.js:471:21)
    at listOnTimeout (node:internal/timers:594:17)
    at process.processTimers (node:internal/timers:529:7). Reconnecting: true
2026-06-18 12:46:29 INFO: [WhatsApp] Initiating Baileys connection...
2026-06-18 12:46:29 INFO: [WhatsApp] Fetched latest version: 2.3000.1035194821
2026-06-18 12:46:30 INFO: [WhatsApp] QR Code generated. Scan to log in.
2026-06-18 12:47:30 INFO: [WhatsApp] QR Code generated. Scan to log in.
2026-06-18 12:47:50 INFO: [WhatsApp] QR Code generated. Scan to log in.
2026-06-18 12:48:10 INFO: [WhatsApp] QR Code generated. Scan to log in.
2026-06-18 12:48:30 INFO: [WhatsApp] QR Code generated. Scan to log in.
2026-06-18 12:48:50 INFO: [WhatsApp] QR Code generated. Scan to log in.
2026-06-18 12:49:10 WARN: [WhatsApp] Connection closed. Error: Error: QR refs attempts ended
    at Timeout.genPairQR [as _onTimeout] (file:///D:/billing-rtrw-main/acs-lite/node_modules/@whiskeysockets/baileys/lib/Socket/socket.js:471:21)
    at listOnTimeout (node:internal/timers:594:17)
    at process.processTimers (node:internal/timers:529:7). Reconnecting: true
2026-06-18 12:49:15 INFO: [WhatsApp] Initiating Baileys connection...
2026-06-18 12:49:15 INFO: [WhatsApp] Fetched latest version: 2.3000.1035194821
2026-06-18 12:49:16 INFO: [WhatsApp] QR Code generated. Scan to log in.
2026-06-18 12:50:16 INFO: [WhatsApp] QR Code generated. Scan to log in.
2026-06-18 12:50:36 INFO: [WhatsApp] QR Code generated. Scan to log in.
2026-06-18 12:50:50 INFO: User logged in: admin (admin)
2026-06-18 12:50:56 INFO: [WhatsApp] QR Code generated. Scan to log in.
2026-06-18 12:51:16 INFO: [WhatsApp] QR Code generated. Scan to log in.
